rm -f src/*.o src/uCOSII/*.o uCOSII/*.o *.o *.elf *.bin *.map *.lst src/*.c.lst uCOSII/*.c.lst ../src/*.o
m68k-elf-gcc -m68000 -Wall -Os -ffreestanding -nostdlib -fcommon -w -I../include -Iinclude -I.. -IuCOSII -ffunction-sections -fdata-sections -fno-unwind-tables -fno-asynchronous-unwind-tables -flto -c uCOSII/os_cpu_c.c -o uCOSII/os_cpu_c.o
m68k-elf-gcc -m68000 -Wall -Os -ffreestanding -nostdlib -fcommon -w -I../include -Iinclude -I.. -IuCOSII -ffunction-sections -fdata-sections -fno-unwind-tables -fno-asynchronous-unwind-tables -flto -c uCOSII/ucos_ii.c -o uCOSII/ucos_ii.o
m68k-elf-gcc -m68000 -Wall -Os -ffreestanding -nostdlib -fcommon -w -I../include -Iinclude -I.. -IuCOSII -ffunction-sections -fdata-sections -fno-unwind-tables -fno-asynchronous-unwind-tables -flto   -c -o ../src/mmsj320mfp.o ../src/mmsj320mfp.c
m68k-elf-gcc -m68000 -Wall -Os -ffreestanding -nostdlib -fcommon -w -I../include -Iinclude -I.. -IuCOSII -ffunction-sections -fdata-sections -fno-unwind-tables -fno-asynchronous-unwind-tables -flto -c src/mmsjos.c -o src/mmsjos.o
m68k-elf-gcc -m68000 -Wall -Os -ffreestanding -nostdlib -fcommon -w -I../include -Iinclude -I.. -IuCOSII -ffunction-sections -fdata-sections -fno-unwind-tables -fno-asynchronous-unwind-tables -flto -c src/mgui.c -o src/mgui.o
m68k-elf-gcc -m68000 -Wall -Os -ffreestanding -nostdlib -fcommon -w -I../include -Iinclude -I.. -IuCOSII -ffunction-sections -fdata-sections -fno-unwind-tables -fno-asynchronous-unwind-tables -flto -c src/mmsjos_start.S -o src/mmsjos_start.o
m68k-elf-gcc -m68000 -Wall -Os -ffreestanding -nostdlib -fcommon -w -I../include -Iinclude -I.. -IuCOSII -ffunction-sections -fdata-sections -fno-unwind-tables -fno-asynchronous-unwind-tables -flto -c src/uCOSII/os_cpu_a.S -o src/uCOSII/os_cpu_a.o
m68k-elf-gcc -m68000 -Wall -Os -ffreestanding -nostdlib -fcommon -w -I../include -Iinclude -I.. -IuCOSII -ffunction-sections -fdata-sections -fno-unwind-tables -fno-asynchronous-unwind-tables -flto -c src/mgui_table.S -o src/mgui_table.o
m68k-elf-gcc -m68000 -Wall -Os -ffreestanding -nostdlib -fcommon -w -I../include -Iinclude -I.. -IuCOSII -ffunction-sections -fdata-sections -fno-unwind-tables -fno-asynchronous-unwind-tables -flto -c src/mmsjos_ram.S -o src/mmsjos_ram.o
m68k-elf-gcc -m68000 -Wall -Os -ffreestanding -nostdlib -fcommon -w -I../include -Iinclude -I.. -IuCOSII -ffunction-sections -fdata-sections -fno-unwind-tables -fno-asynchronous-unwind-tables -flto -c src/mgui_sprite.S -o src/mgui_sprite.o
m68k-elf-gcc -T linker_mmsjos.ld -nostdlib -Wl,--just-symbols=../monitor.elf -Wl,--allow-multiple-definition -flto -Wl,-Map=mmsjos.map -o mmsjos.elf src/mmsjos_start.o src/uCOSII/os_cpu_a.o uCOSII/os_cpu_c.o uCOSII/ucos_ii.o src/mgui_table.o ../src/mmsj320mfp.o src/mmsjos.o src/mgui.o src/mmsjos_ram.o src/mgui_sprite.o -lgcc
src/mgui.c: In function 'messageTask':
src/mgui.c:1735:21: warning: iteration 22 invokes undefined behavior [-Waggressive-loop-optimizations]
 1735 |             if (ptcb->OSTCBPrio != TASK_MGUI_MESSAGE && ptcb->OSTCBPrio != TASK_MGUI_MOUSE && ptcb->OSTCBPrio != TASK_MMSJOS_MAIN)
      |                     ^
src/mgui.c:1730:19: note: within this loop
 1730 |     for (i = 0; i < OS_LOWEST_PRIO + 1; i++)
      |                   ^
m68k-elf-objcopy -O binary mmsjos.elf mmsjos.bin
m68k-elf-objdump -x -d mmsjos.elf > mmsjos.lst
BUILD_OK 
